
ROM used:   699/8192 (9%)
            699/8192 (9%) including unused fragments

            0.5 Average locations per line
            4.1 Average locations per statement

RAM used:   15/368 (4%) at main() level
            28/368 (8%) worst case

Stack used: 5 worst case (5 in main + 0 for interrupts)
Stack size: 8

Lines Stmts  %   Files
----- ----- ---  -----
   87    45  27  El Comparador.c
  684     0   0  ..\..\..\..\..\Program Files (x86)\PICC\Devices\16f877a.h
  456    84  50  ..\..\..\..\..\Program Files (x86)\PICC\Drivers\lcd.c
  135    40  24  ..\..\..\..\..\Program Files (x86)\PICC\Drivers\kbd.c
----- -----
 1362   169 Total

Page ROM  %  RAM    Vol Diff  Functions:
---- --- --- ---    --- ----  ----------
0     20   3    1             @delay_ms1
 Inline         3    596  5.9  lcd_read_byte
0      6   1    0     59  4.2  lcd_read_nibble
0     15   2    1    179  3.3  lcd_send_nibble
0     66   9    3    460  4.7  lcd_send_byte
0     62   9    6    814  7.2  lcd_init
0     18   3    4    208  6.3  lcd_gotoxy
0     44   6    1    354  4.7  lcd_putc
0     16   2    0             @const677
0      3   0    0      3  0.0  kbd_init
0    136  19    3   4540 10.2  kbd_getc
 Inline         2             @MUL88
0    187  27    3   1412  5.9  MAIN
0      5   1    0    333  7.3  @const697
0     86  12    4    367  7.8  @PSTRINGC7_663
0      5   1    0    243  7.0  @const704
0      6   1    0    274  7.3  @const708
0      6   1    0    158  5.1  @const709
0      6   1    0    333  7.0  @const710
0      8   1    0    305  6.5  @const711
 Inline         0    219  5.8  @cinit1

Program metrics:
    Functions               18
    Statements              169
    Comments                252
    Volume (V)              16765
    Difficulty (D)          104.5
    Effort to implement (E) 1752130
    Time to implement (T)   27 hours, 2 minutes
    Est Delivered Bugs (B)  5
    Cyclomatic Complexity   43
    Maintainability (MI)    75

 Segment     Used  Free
-----------  ----  ----
00000-00003     4  0  
00004-007FF   695  1349  
00800-00FFF     0  2048  
01000-017FF     0  2048  
01800-01FFF     0  2048  



